--------------- Build Started: 08/03/2015 01:49:45 Project: Design01, Configuration: ARM GCC 4.8.4 Debug ---------------
cydsfit.exe -.appdatapath "C:\Users\IEUser\AppData\Local\Cypress Semiconductor\PSoC Creator\3.2" -.fdsnotice -.fdswarpdepfile=warp_dependencies.txt -.fdselabdepfile=elab_dependencies.txt -.fdsbldfile=generated_files.txt -p C:\Users\IEUser\Downloads\PSoC_Creator\Filter_ADC_VDAC01\Design01.cydsn\Design01.cyprj -d CY8C5888AXI-LP096 -s C:\Users\IEUser\Downloads\PSoC_Creator\Filter_ADC_VDAC01\Design01.cydsn\Generated_Source\PSoC5 -- -yv2 -q10 -ygs -o2 -v3 -.fftcfgtype=LE
Elaborating Design...
ADD: sdb.M0065: information: Analog terminal "Tremolo.AinTerm1" on TopDesign is unconnected.
 * C:\Users\IEUser\Downloads\PSoC_Creator\Filter_ADC_VDAC01\Design01.cydsn\TopDesign\TopDesign.cysch (Signal: Net_227)
 * C:\Users\IEUser\Downloads\PSoC_Creator\Filter_ADC_VDAC01\Design01.cydsn\TopDesign\TopDesign.cysch (Shape_131.2)
HDL Generation ...
Synthesis ...
Place and Route ...
Tech mapping ...
ADD: pft.M0040: information: The following 1 pin(s) will be assigned a location by the fitter: \ADC:Bypass(0)\
Analog Placement ...
Info: apr.M0002: Analog signal "Net_227" is connected to one terminal only. (App=cydsfit)
Log: apr.M0058: The analog placement iterative improvement is 53% done. (App=cydsfit)
Log: apr.M0058: The analog placement iterative improvement is 86% done. (App=cydsfit)
Analog Routing ...
Analog Code Generation ...
Digital Placement ...
Digital Routing ...
Bitstream Generation ...
Static timing analysis ...
API Generation ...
Dependency Generation ...
Clean Temporary Files ...
arm-none-eabi-gcc.exe -mcpu=cortex-m3 -mthumb -Wno-main -I. -IGenerated_Source\PSoC5 -Wa,-alh=.\CortexM3\ARM_GCC_484\Debug/main.lst -g -D DEBUG -Wall -ffunction-sections -O0 -c .\main.c -o .\CortexM3\ARM_GCC_484\Debug\main.o
arm-none-eabi-gcc.exe -mcpu=cortex-m3 -mthumb -Wno-main -I. -IGenerated_Source\PSoC5 -Wa,-alh=.\CortexM3\ARM_GCC_484\Debug/cyfitter_cfg.lst -g -D DEBUG -Wall -ffunction-sections -O0 -c .\Generated_Source\PSoC5\cyfitter_cfg.c -o .\CortexM3\ARM_GCC_484\Debug\cyfitter_cfg.o
arm-none-eabi-gcc.exe -mcpu=cortex-m3 -mthumb -Wno-main -I. -IGenerated_Source\PSoC5 -Wa,-alh=.\CortexM3\ARM_GCC_484\Debug/cymetadata.lst -g -D DEBUG -Wall -ffunction-sections -O0 -c .\Generated_Source\PSoC5\cymetadata.c -o .\CortexM3\ARM_GCC_484\Debug\cymetadata.o
arm-none-eabi-gcc.exe -mcpu=cortex-m3 -mthumb -Wno-main -I. -IGenerated_Source\PSoC5 -Wa,-alh=.\CortexM3\ARM_GCC_484\Debug/Cm3Start.lst -g -D DEBUG -Wall -ffunction-sections -O0 -c .\Generated_Source\PSoC5\Cm3Start.c -o .\CortexM3\ARM_GCC_484\Debug\Cm3Start.o
arm-none-eabi-as.exe -mcpu=cortex-m3 -mthumb -I. -IGenerated_Source\PSoC5 -alh=.\CortexM3\ARM_GCC_484\Debug/CyBootAsmGnu.lst -g -W -o .\CortexM3\ARM_GCC_484\Debug\CyBootAsmGnu.o .\Generated_Source\PSoC5\CyBootAsmGnu.s
arm-none-eabi-gcc.exe -mcpu=cortex-m3 -mthumb -Wno-main -I. -IGenerated_Source\PSoC5 -Wa,-alh=.\CortexM3\ARM_GCC_484\Debug/CyDmac.lst -g -D DEBUG -Wall -ffunction-sections -O0 -c .\Generated_Source\PSoC5\CyDmac.c -o .\CortexM3\ARM_GCC_484\Debug\CyDmac.o
arm-none-eabi-gcc.exe -mcpu=cortex-m3 -mthumb -Wno-main -I. -IGenerated_Source\PSoC5 -Wa,-alh=.\CortexM3\ARM_GCC_484\Debug/CyFlash.lst -g -D DEBUG -Wall -ffunction-sections -O0 -c .\Generated_Source\PSoC5\CyFlash.c -o .\CortexM3\ARM_GCC_484\Debug\CyFlash.o
arm-none-eabi-gcc.exe -mcpu=cortex-m3 -mthumb -Wno-main -I. -IGenerated_Source\PSoC5 -Wa,-alh=.\CortexM3\ARM_GCC_484\Debug/CyLib.lst -g -D DEBUG -Wall -ffunction-sections -O0 -c .\Generated_Source\PSoC5\CyLib.c -o .\CortexM3\ARM_GCC_484\Debug\CyLib.o
arm-none-eabi-gcc.exe -mcpu=cortex-m3 -mthumb -Wno-main -I. -IGenerated_Source\PSoC5 -Wa,-alh=.\CortexM3\ARM_GCC_484\Debug/cyPm.lst -g -D DEBUG -Wall -ffunction-sections -O0 -c .\Generated_Source\PSoC5\cyPm.c -o .\CortexM3\ARM_GCC_484\Debug\cyPm.o
arm-none-eabi-gcc.exe -mcpu=cortex-m3 -mthumb -Wno-main -I. -IGenerated_Source\PSoC5 -Wa,-alh=.\CortexM3\ARM_GCC_484\Debug/CySpc.lst -g -D DEBUG -Wall -ffunction-sections -O0 -c .\Generated_Source\PSoC5\CySpc.c -o .\CortexM3\ARM_GCC_484\Debug\CySpc.o
arm-none-eabi-gcc.exe -mcpu=cortex-m3 -mthumb -Wno-main -I. -IGenerated_Source\PSoC5 -Wa,-alh=.\CortexM3\ARM_GCC_484\Debug/cyutils.lst -g -D DEBUG -Wall -ffunction-sections -O0 -c .\Generated_Source\PSoC5\cyutils.c -o .\CortexM3\ARM_GCC_484\Debug\cyutils.o
arm-none-eabi-gcc.exe -mcpu=cortex-m3 -mthumb -Wno-main -I. -IGenerated_Source\PSoC5 -Wa,-alh=.\CortexM3\ARM_GCC_484\Debug/A_B.lst -g -D DEBUG -Wall -ffunction-sections -O0 -c .\Generated_Source\PSoC5\A_B.c -o .\CortexM3\ARM_GCC_484\Debug\A_B.o
arm-none-eabi-gcc.exe -mcpu=cortex-m3 -mthumb -Wno-main -I. -IGenerated_Source\PSoC5 -Wa,-alh=.\CortexM3\ARM_GCC_484\Debug/A_B_PM.lst -g -D DEBUG -Wall -ffunction-sections -O0 -c .\Generated_Source\PSoC5\A_B_PM.c -o .\CortexM3\ARM_GCC_484\Debug\A_B_PM.o
arm-none-eabi-gcc.exe -mcpu=cortex-m3 -mthumb -Wno-main -I. -IGenerated_Source\PSoC5 -Wa,-alh=.\CortexM3\ARM_GCC_484\Debug/OutMux.lst -g -D DEBUG -Wall -ffunction-sections -O0 -c .\Generated_Source\PSoC5\OutMux.c -o .\CortexM3\ARM_GCC_484\Debug\OutMux.o
arm-none-eabi-gcc.exe -mcpu=cortex-m3 -mthumb -Wno-main -I. -IGenerated_Source\PSoC5 -Wa,-alh=.\CortexM3\ARM_GCC_484\Debug/C_D.lst -g -D DEBUG -Wall -ffunction-sections -O0 -c .\Generated_Source\PSoC5\C_D.c -o .\CortexM3\ARM_GCC_484\Debug\C_D.o
arm-none-eabi-gcc.exe -mcpu=cortex-m3 -mthumb -Wno-main -I. -IGenerated_Source\PSoC5 -Wa,-alh=.\CortexM3\ARM_GCC_484\Debug/C_D_PM.lst -g -D DEBUG -Wall -ffunction-sections -O0 -c .\Generated_Source\PSoC5\C_D_PM.c -o .\CortexM3\ARM_GCC_484\Debug\C_D_PM.o
arm-none-eabi-gcc.exe -mcpu=cortex-m3 -mthumb -Wno-main -I. -IGenerated_Source\PSoC5 -Wa,-alh=.\CortexM3\ARM_GCC_484\Debug/E_F.lst -g -D DEBUG -Wall -ffunction-sections -O0 -c .\Generated_Source\PSoC5\E_F.c -o .\CortexM3\ARM_GCC_484\Debug\E_F.o
arm-none-eabi-gcc.exe -mcpu=cortex-m3 -mthumb -Wno-main -I. -IGenerated_Source\PSoC5 -Wa,-alh=.\CortexM3\ARM_GCC_484\Debug/E_F_PM.lst -g -D DEBUG -Wall -ffunction-sections -O0 -c .\Generated_Source\PSoC5\E_F_PM.c -o .\CortexM3\ARM_GCC_484\Debug\E_F_PM.o
arm-none-eabi-gcc.exe -mcpu=cortex-m3 -mthumb -Wno-main -I. -IGenerated_Source\PSoC5 -Wa,-alh=.\CortexM3\ARM_GCC_484\Debug/G_A.lst -g -D DEBUG -Wall -ffunction-sections -O0 -c .\Generated_Source\PSoC5\G_A.c -o .\CortexM3\ARM_GCC_484\Debug\G_A.o
arm-none-eabi-gcc.exe -mcpu=cortex-m3 -mthumb -Wno-main -I. -IGenerated_Source\PSoC5 -Wa,-alh=.\CortexM3\ARM_GCC_484\Debug/G_A_PM.lst -g -D DEBUG -Wall -ffunction-sections -O0 -c .\Generated_Source\PSoC5\G_A_PM.c -o .\CortexM3\ARM_GCC_484\Debug\G_A_PM.o
arm-none-eabi-gcc.exe -mcpu=cortex-m3 -mthumb -Wno-main -I. -IGenerated_Source\PSoC5 -Wa,-alh=.\CortexM3\ARM_GCC_484\Debug/Control_Reg.lst -g -D DEBUG -Wall -ffunction-sections -O0 -c .\Generated_Source\PSoC5\Control_Reg.c -o .\CortexM3\ARM_GCC_484\Debug\Control_Reg.o
arm-none-eabi-gcc.exe -mcpu=cortex-m3 -mthumb -Wno-main -I. -IGenerated_Source\PSoC5 -Wa,-alh=.\CortexM3\ARM_GCC_484\Debug/Control_Reg_PM.lst -g -D DEBUG -Wall -ffunction-sections -O0 -c .\Generated_Source\PSoC5\Control_Reg_PM.c -o .\CortexM3\ARM_GCC_484\Debug\Control_Reg_PM.o
arm-none-eabi-gcc.exe -mcpu=cortex-m3 -mthumb -Wno-main -I. -IGenerated_Source\PSoC5 -Wa,-alh=.\CortexM3\ARM_GCC_484\Debug/Status_Reg.lst -g -D DEBUG -Wall -ffunction-sections -O0 -c .\Generated_Source\PSoC5\Status_Reg.c -o .\CortexM3\ARM_GCC_484\Debug\Status_Reg.o
arm-none-eabi-gcc.exe -mcpu=cortex-m3 -mthumb -Wno-main -I. -IGenerated_Source\PSoC5 -Wa,-alh=.\CortexM3\ARM_GCC_484\Debug/ADC.lst -g -D DEBUG -Wall -ffunction-sections -O0 -c .\Generated_Source\PSoC5\ADC.c -o .\CortexM3\ARM_GCC_484\Debug\ADC.o
arm-none-eabi-gcc.exe -mcpu=cortex-m3 -mthumb -Wno-main -I. -IGenerated_Source\PSoC5 -Wa,-alh=.\CortexM3\ARM_GCC_484\Debug/ADC_INT.lst -g -D DEBUG -Wall -ffunction-sections -O0 -c .\Generated_Source\PSoC5\ADC_INT.c -o .\CortexM3\ARM_GCC_484\Debug\ADC_INT.o
arm-none-eabi-gcc.exe -mcpu=cortex-m3 -mthumb -Wno-main -I. -IGenerated_Source\PSoC5 -Wa,-alh=.\CortexM3\ARM_GCC_484\Debug/ADC_PM.lst -g -D DEBUG -Wall -ffunction-sections -O0 -c .\Generated_Source\PSoC5\ADC_PM.c -o .\CortexM3\ARM_GCC_484\Debug\ADC_PM.o
arm-none-eabi-gcc.exe -mcpu=cortex-m3 -mthumb -Wno-main -I. -IGenerated_Source\PSoC5 -Wa,-alh=.\CortexM3\ARM_GCC_484\Debug/Pot_Vals.lst -g -D DEBUG -Wall -ffunction-sections -O0 -c .\Generated_Source\PSoC5\Pot_Vals.c -o .\CortexM3\ARM_GCC_484\Debug\Pot_Vals.o
arm-none-eabi-gcc.exe -mcpu=cortex-m3 -mthumb -Wno-main -I. -IGenerated_Source\PSoC5 -Wa,-alh=.\CortexM3\ARM_GCC_484\Debug/Clock.lst -g -D DEBUG -Wall -ffunction-sections -O0 -c .\Generated_Source\PSoC5\Clock.c -o .\CortexM3\ARM_GCC_484\Debug\Clock.o
arm-none-eabi-gcc.exe -mcpu=cortex-m3 -mthumb -Wno-main -I. -IGenerated_Source\PSoC5 -Wa,-alh=.\CortexM3\ARM_GCC_484\Debug/A_B_DacClk.lst -g -D DEBUG -Wall -ffunction-sections -O0 -c .\Generated_Source\PSoC5\A_B_DacClk.c -o .\CortexM3\ARM_GCC_484\Debug\A_B_DacClk.o
arm-none-eabi-gcc.exe -mcpu=cortex-m3 -mthumb -Wno-main -I. -IGenerated_Source\PSoC5 -Wa,-alh=.\CortexM3\ARM_GCC_484\Debug/A_B_Wave1_DMA_dma.lst -g -D DEBUG -Wall -ffunction-sections -O0 -c .\Generated_Source\PSoC5\A_B_Wave1_DMA_dma.c -o .\CortexM3\ARM_GCC_484\Debug\A_B_Wave1_DMA_dma.o
arm-none-eabi-gcc.exe -mcpu=cortex-m3 -mthumb -Wno-main -I. -IGenerated_Source\PSoC5 -Wa,-alh=.\CortexM3\ARM_GCC_484\Debug/A_B_Wave2_DMA_dma.lst -g -D DEBUG -Wall -ffunction-sections -O0 -c .\Generated_Source\PSoC5\A_B_Wave2_DMA_dma.c -o .\CortexM3\ARM_GCC_484\Debug\A_B_Wave2_DMA_dma.o
arm-none-eabi-gcc.exe -mcpu=cortex-m3 -mthumb -Wno-main -I. -IGenerated_Source\PSoC5 -Wa,-alh=.\CortexM3\ARM_GCC_484\Debug/A_B_VDAC8.lst -g -D DEBUG -Wall -ffunction-sections -O0 -c .\Generated_Source\PSoC5\A_B_VDAC8.c -o .\CortexM3\ARM_GCC_484\Debug\A_B_VDAC8.o
arm-none-eabi-gcc.exe -mcpu=cortex-m3 -mthumb -Wno-main -I. -IGenerated_Source\PSoC5 -Wa,-alh=.\CortexM3\ARM_GCC_484\Debug/A_B_VDAC8_PM.lst -g -D DEBUG -Wall -ffunction-sections -O0 -c .\Generated_Source\PSoC5\A_B_VDAC8_PM.c -o .\CortexM3\ARM_GCC_484\Debug\A_B_VDAC8_PM.o
arm-none-eabi-gcc.exe -mcpu=cortex-m3 -mthumb -Wno-main -I. -IGenerated_Source\PSoC5 -Wa,-alh=.\CortexM3\ARM_GCC_484\Debug/C_D_DacClk.lst -g -D DEBUG -Wall -ffunction-sections -O0 -c .\Generated_Source\PSoC5\C_D_DacClk.c -o .\CortexM3\ARM_GCC_484\Debug\C_D_DacClk.o
arm-none-eabi-gcc.exe -mcpu=cortex-m3 -mthumb -Wno-main -I. -IGenerated_Source\PSoC5 -Wa,-alh=.\CortexM3\ARM_GCC_484\Debug/C_D_Wave1_DMA_dma.lst -g -D DEBUG -Wall -ffunction-sections -O0 -c .\Generated_Source\PSoC5\C_D_Wave1_DMA_dma.c -o .\CortexM3\ARM_GCC_484\Debug\C_D_Wave1_DMA_dma.o
arm-none-eabi-gcc.exe -mcpu=cortex-m3 -mthumb -Wno-main -I. -IGenerated_Source\PSoC5 -Wa,-alh=.\CortexM3\ARM_GCC_484\Debug/C_D_Wave2_DMA_dma.lst -g -D DEBUG -Wall -ffunction-sections -O0 -c .\Generated_Source\PSoC5\C_D_Wave2_DMA_dma.c -o .\CortexM3\ARM_GCC_484\Debug\C_D_Wave2_DMA_dma.o
arm-none-eabi-gcc.exe -mcpu=cortex-m3 -mthumb -Wno-main -I. -IGenerated_Source\PSoC5 -Wa,-alh=.\CortexM3\ARM_GCC_484\Debug/C_D_VDAC8.lst -g -D DEBUG -Wall -ffunction-sections -O0 -c .\Generated_Source\PSoC5\C_D_VDAC8.c -o .\CortexM3\ARM_GCC_484\Debug\C_D_VDAC8.o
arm-none-eabi-gcc.exe -mcpu=cortex-m3 -mthumb -Wno-main -I. -IGenerated_Source\PSoC5 -Wa,-alh=.\CortexM3\ARM_GCC_484\Debug/C_D_VDAC8_PM.lst -g -D DEBUG -Wall -ffunction-sections -O0 -c .\Generated_Source\PSoC5\C_D_VDAC8_PM.c -o .\CortexM3\ARM_GCC_484\Debug\C_D_VDAC8_PM.o
arm-none-eabi-gcc.exe -mcpu=cortex-m3 -mthumb -Wno-main -I. -IGenerated_Source\PSoC5 -Wa,-alh=.\CortexM3\ARM_GCC_484\Debug/E_F_DacClk.lst -g -D DEBUG -Wall -ffunction-sections -O0 -c .\Generated_Source\PSoC5\E_F_DacClk.c -o .\CortexM3\ARM_GCC_484\Debug\E_F_DacClk.o
arm-none-eabi-gcc.exe -mcpu=cortex-m3 -mthumb -Wno-main -I. -IGenerated_Source\PSoC5 -Wa,-alh=.\CortexM3\ARM_GCC_484\Debug/E_F_Wave1_DMA_dma.lst -g -D DEBUG -Wall -ffunction-sections -O0 -c .\Generated_Source\PSoC5\E_F_Wave1_DMA_dma.c -o .\CortexM3\ARM_GCC_484\Debug\E_F_Wave1_DMA_dma.o
arm-none-eabi-gcc.exe -mcpu=cortex-m3 -mthumb -Wno-main -I. -IGenerated_Source\PSoC5 -Wa,-alh=.\CortexM3\ARM_GCC_484\Debug/E_F_Wave2_DMA_dma.lst -g -D DEBUG -Wall -ffunction-sections -O0 -c .\Generated_Source\PSoC5\E_F_Wave2_DMA_dma.c -o .\CortexM3\ARM_GCC_484\Debug\E_F_Wave2_DMA_dma.o
arm-none-eabi-gcc.exe -mcpu=cortex-m3 -mthumb -Wno-main -I. -IGenerated_Source\PSoC5 -Wa,-alh=.\CortexM3\ARM_GCC_484\Debug/E_F_VDAC8.lst -g -D DEBUG -Wall -ffunction-sections -O0 -c .\Generated_Source\PSoC5\E_F_VDAC8.c -o .\CortexM3\ARM_GCC_484\Debug\E_F_VDAC8.o
arm-none-eabi-gcc.exe -mcpu=cortex-m3 -mthumb -Wno-main -I. -IGenerated_Source\PSoC5 -Wa,-alh=.\CortexM3\ARM_GCC_484\Debug/E_F_VDAC8_PM.lst -g -D DEBUG -Wall -ffunction-sections -O0 -c .\Generated_Source\PSoC5\E_F_VDAC8_PM.c -o .\CortexM3\ARM_GCC_484\Debug\E_F_VDAC8_PM.o
arm-none-eabi-gcc.exe -mcpu=cortex-m3 -mthumb -Wno-main -I. -IGenerated_Source\PSoC5 -Wa,-alh=.\CortexM3\ARM_GCC_484\Debug/G_A_DacClk.lst -g -D DEBUG -Wall -ffunction-sections -O0 -c .\Generated_Source\PSoC5\G_A_DacClk.c -o .\CortexM3\ARM_GCC_484\Debug\G_A_DacClk.o
arm-none-eabi-gcc.exe -mcpu=cortex-m3 -mthumb -Wno-main -I. -IGenerated_Source\PSoC5 -Wa,-alh=.\CortexM3\ARM_GCC_484\Debug/G_A_Wave1_DMA_dma.lst -g -D DEBUG -Wall -ffunction-sections -O0 -c .\Generated_Source\PSoC5\G_A_Wave1_DMA_dma.c -o .\CortexM3\ARM_GCC_484\Debug\G_A_Wave1_DMA_dma.o
arm-none-eabi-gcc.exe -mcpu=cortex-m3 -mthumb -Wno-main -I. -IGenerated_Source\PSoC5 -Wa,-alh=.\CortexM3\ARM_GCC_484\Debug/G_A_Wave2_DMA_dma.lst -g -D DEBUG -Wall -ffunction-sections -O0 -c .\Generated_Source\PSoC5\G_A_Wave2_DMA_dma.c -o .\CortexM3\ARM_GCC_484\Debug\G_A_Wave2_DMA_dma.o
arm-none-eabi-gcc.exe -mcpu=cortex-m3 -mthumb -Wno-main -I. -IGenerated_Source\PSoC5 -Wa,-alh=.\CortexM3\ARM_GCC_484\Debug/G_A_VDAC8.lst -g -D DEBUG -Wall -ffunction-sections -O0 -c .\Generated_Source\PSoC5\G_A_VDAC8.c -o .\CortexM3\ARM_GCC_484\Debug\G_A_VDAC8.o
arm-none-eabi-gcc.exe -mcpu=cortex-m3 -mthumb -Wno-main -I. -IGenerated_Source\PSoC5 -Wa,-alh=.\CortexM3\ARM_GCC_484\Debug/G_A_VDAC8_PM.lst -g -D DEBUG -Wall -ffunction-sections -O0 -c .\Generated_Source\PSoC5\G_A_VDAC8_PM.c -o .\CortexM3\ARM_GCC_484\Debug\G_A_VDAC8_PM.o
arm-none-eabi-gcc.exe -mcpu=cortex-m3 -mthumb -Wno-main -I. -IGenerated_Source\PSoC5 -Wa,-alh=.\CortexM3\ARM_GCC_484\Debug/ADC_IRQ.lst -g -D DEBUG -Wall -ffunction-sections -O0 -c .\Generated_Source\PSoC5\ADC_IRQ.c -o .\CortexM3\ARM_GCC_484\Debug\ADC_IRQ.o
arm-none-eabi-gcc.exe -mcpu=cortex-m3 -mthumb -Wno-main -I. -IGenerated_Source\PSoC5 -Wa,-alh=.\CortexM3\ARM_GCC_484\Debug/ADC_theACLK.lst -g -D DEBUG -Wall -ffunction-sections -O0 -c .\Generated_Source\PSoC5\ADC_theACLK.c -o .\CortexM3\ARM_GCC_484\Debug\ADC_theACLK.o
arm-none-eabi-gcc.exe -mcpu=cortex-m3 -mthumb -Wno-main -I. -IGenerated_Source\PSoC5 -Wa,-alh=.\CortexM3\ARM_GCC_484\Debug/ADC_Bypass.lst -g -D DEBUG -Wall -ffunction-sections -O0 -c .\Generated_Source\PSoC5\ADC_Bypass.c -o .\CortexM3\ARM_GCC_484\Debug\ADC_Bypass.o
arm-none-eabi-gcc.exe -mcpu=cortex-m3 -mthumb -Wno-main -I. -IGenerated_Source\PSoC5 -Wa,-alh=.\CortexM3\ARM_GCC_484\Debug/Audio_out.lst -g -D DEBUG -Wall -ffunction-sections -O0 -c .\Generated_Source\PSoC5\Audio_out.c -o .\CortexM3\ARM_GCC_484\Debug\Audio_out.o
arm-none-eabi-gcc.exe -mcpu=cortex-m3 -mthumb -Wno-main -I. -IGenerated_Source\PSoC5 -Wa,-alh=.\CortexM3\ARM_GCC_484\Debug/A_Key.lst -g -D DEBUG -Wall -ffunction-sections -O0 -c .\Generated_Source\PSoC5\A_Key.c -o .\CortexM3\ARM_GCC_484\Debug\A_Key.o
arm-none-eabi-gcc.exe -mcpu=cortex-m3 -mthumb -Wno-main -I. -IGenerated_Source\PSoC5 -Wa,-alh=.\CortexM3\ARM_GCC_484\Debug/B_Key.lst -g -D DEBUG -Wall -ffunction-sections -O0 -c .\Generated_Source\PSoC5\B_Key.c -o .\CortexM3\ARM_GCC_484\Debug\B_Key.o
arm-none-eabi-gcc.exe -mcpu=cortex-m3 -mthumb -Wno-main -I. -IGenerated_Source\PSoC5 -Wa,-alh=.\CortexM3\ARM_GCC_484\Debug/C_Key.lst -g -D DEBUG -Wall -ffunction-sections -O0 -c .\Generated_Source\PSoC5\C_Key.c -o .\CortexM3\ARM_GCC_484\Debug\C_Key.o
arm-none-eabi-gcc.exe -mcpu=cortex-m3 -mthumb -Wno-main -I. -IGenerated_Source\PSoC5 -Wa,-alh=.\CortexM3\ARM_GCC_484\Debug/D_Key.lst -g -D DEBUG -Wall -ffunction-sections -O0 -c .\Generated_Source\PSoC5\D_Key.c -o .\CortexM3\ARM_GCC_484\Debug\D_Key.o
arm-none-eabi-gcc.exe -mcpu=cortex-m3 -mthumb -Wno-main -I. -IGenerated_Source\PSoC5 -Wa,-alh=.\CortexM3\ARM_GCC_484\Debug/E_Key.lst -g -D DEBUG -Wall -ffunction-sections -O0 -c .\Generated_Source\PSoC5\E_Key.c -o .\CortexM3\ARM_GCC_484\Debug\E_Key.o
arm-none-eabi-gcc.exe -mcpu=cortex-m3 -mthumb -Wno-main -I. -IGenerated_Source\PSoC5 -Wa,-alh=.\CortexM3\ARM_GCC_484\Debug/F_Key.lst -g -D DEBUG -Wall -ffunction-sections -O0 -c .\Generated_Source\PSoC5\F_Key.c -o .\CortexM3\ARM_GCC_484\Debug\F_Key.o
arm-none-eabi-gcc.exe -mcpu=cortex-m3 -mthumb -Wno-main -I. -IGenerated_Source\PSoC5 -Wa,-alh=.\CortexM3\ARM_GCC_484\Debug/G_Key.lst -g -D DEBUG -Wall -ffunction-sections -O0 -c .\Generated_Source\PSoC5\G_Key.c -o .\CortexM3\ARM_GCC_484\Debug\G_Key.o
arm-none-eabi-gcc.exe -mcpu=cortex-m3 -mthumb -Wno-main -I. -IGenerated_Source\PSoC5 -Wa,-alh=.\CortexM3\ARM_GCC_484\Debug/A2_Key.lst -g -D DEBUG -Wall -ffunction-sections -O0 -c .\Generated_Source\PSoC5\A2_Key.c -o .\CortexM3\ARM_GCC_484\Debug\A2_Key.o
arm-none-eabi-gcc.exe -mcpu=cortex-m3 -mthumb -Wno-main -I. -IGenerated_Source\PSoC5 -Wa,-alh=.\CortexM3\ARM_GCC_484\Debug/Pot_A.lst -g -D DEBUG -Wall -ffunction-sections -O0 -c .\Generated_Source\PSoC5\Pot_A.c -o .\CortexM3\ARM_GCC_484\Debug\Pot_A.o
arm-none-eabi-gcc.exe -mcpu=cortex-m3 -mthumb -Wno-main -I. -IGenerated_Source\PSoC5 -Wa,-alh=.\CortexM3\ARM_GCC_484\Debug/Pot_B.lst -g -D DEBUG -Wall -ffunction-sections -O0 -c .\Generated_Source\PSoC5\Pot_B.c -o .\CortexM3\ARM_GCC_484\Debug\Pot_B.o
arm-none-eabi-gcc.exe -mcpu=cortex-m3 -mthumb -Wno-main -I. -IGenerated_Source\PSoC5 -Wa,-alh=.\CortexM3\ARM_GCC_484\Debug/A0.lst -g -D DEBUG -Wall -ffunction-sections -O0 -c .\Generated_Source\PSoC5\A0.c -o .\CortexM3\ARM_GCC_484\Debug\A0.o
arm-none-eabi-gcc.exe -mcpu=cortex-m3 -mthumb -Wno-main -I. -IGenerated_Source\PSoC5 -Wa,-alh=.\CortexM3\ARM_GCC_484\Debug/A1.lst -g -D DEBUG -Wall -ffunction-sections -O0 -c .\Generated_Source\PSoC5\A1.c -o .\CortexM3\ARM_GCC_484\Debug\A1.o
arm-none-eabi-gcc.exe -mcpu=cortex-m3 -mthumb -Wno-main -I. -IGenerated_Source\PSoC5 -Wa,-alh=.\CortexM3\ARM_GCC_484\Debug/Tremolo.lst -g -D DEBUG -Wall -ffunction-sections -O0 -c .\Generated_Source\PSoC5\Tremolo.c -o .\CortexM3\ARM_GCC_484\Debug\Tremolo.o
arm-none-eabi-gcc.exe -mcpu=cortex-m3 -mthumb -Wno-main -I. -IGenerated_Source\PSoC5 -Wa,-alh=.\CortexM3\ARM_GCC_484\Debug/Amp.lst -g -D DEBUG -Wall -ffunction-sections -O0 -c .\Generated_Source\PSoC5\Amp.c -o .\CortexM3\ARM_GCC_484\Debug\Amp.o
arm-none-eabi-gcc.exe -mcpu=cortex-m3 -mthumb -Wno-main -I. -IGenerated_Source\PSoC5 -Wa,-alh=.\CortexM3\ARM_GCC_484\Debug/Amp_PM.lst -g -D DEBUG -Wall -ffunction-sections -O0 -c .\Generated_Source\PSoC5\Amp_PM.c -o .\CortexM3\ARM_GCC_484\Debug\Amp_PM.o
arm-none-eabi-ar.exe -rs .\CortexM3\ARM_GCC_484\Debug\Design01.a .\CortexM3\ARM_GCC_484\Debug\cyfitter_cfg.o .\CortexM3\ARM_GCC_484\Debug\CyBootAsmGnu.o .\CortexM3\ARM_GCC_484\Debug\CyDmac.o .\CortexM3\ARM_GCC_484\Debug\CyFlash.o .\CortexM3\ARM_GCC_484\Debug\CyLib.o .\CortexM3\ARM_GCC_484\Debug\cyPm.o .\CortexM3\ARM_GCC_484\Debug\CySpc.o .\CortexM3\ARM_GCC_484\Debug\cyutils.o .\CortexM3\ARM_GCC_484\Debug\A_B.o .\CortexM3\ARM_GCC_484\Debug\A_B_PM.o .\CortexM3\ARM_GCC_484\Debug\OutMux.o .\CortexM3\ARM_GCC_484\Debug\C_D.o .\CortexM3\ARM_GCC_484\Debug\C_D_PM.o .\CortexM3\ARM_GCC_484\Debug\E_F.o .\CortexM3\ARM_GCC_484\Debug\E_F_PM.o .\CortexM3\ARM_GCC_484\Debug\G_A.o .\CortexM3\ARM_GCC_484\Debug\G_A_PM.o .\CortexM3\ARM_GCC_484\Debug\Control_Reg.o .\CortexM3\ARM_GCC_484\Debug\Control_Reg_PM.o .\CortexM3\ARM_GCC_484\Debug\Status_Reg.o .\CortexM3\ARM_GCC_484\Debug\ADC.o .\CortexM3\ARM_GCC_484\Debug\ADC_INT.o .\CortexM3\ARM_GCC_484\Debug\ADC_PM.o .\CortexM3\ARM_GCC_484\Debug\Pot_Vals.o .\CortexM3\ARM_GCC_484\Debug\Clock.o .\CortexM3\ARM_GCC_484\Debug\A_B_DacClk.o .\CortexM3\ARM_GCC_484\Debug\A_B_Wave1_DMA_dma.o .\CortexM3\ARM_GCC_484\Debug\A_B_Wave2_DMA_dma.o .\CortexM3\ARM_GCC_484\Debug\A_B_VDAC8.o .\CortexM3\ARM_GCC_484\Debug\A_B_VDAC8_PM.o .\CortexM3\ARM_GCC_484\Debug\C_D_DacClk.o .\CortexM3\ARM_GCC_484\Debug\C_D_Wave1_DMA_dma.o .\CortexM3\ARM_GCC_484\Debug\C_D_Wave2_DMA_dma.o .\CortexM3\ARM_GCC_484\Debug\C_D_VDAC8.o .\CortexM3\ARM_GCC_484\Debug\C_D_VDAC8_PM.o .\CortexM3\ARM_GCC_484\Debug\E_F_DacClk.o .\CortexM3\ARM_GCC_484\Debug\E_F_Wave1_DMA_dma.o .\CortexM3\ARM_GCC_484\Debug\E_F_Wave2_DMA_dma.o .\CortexM3\ARM_GCC_484\Debug\E_F_VDAC8.o .\CortexM3\ARM_GCC_484\Debug\E_F_VDAC8_PM.o .\CortexM3\ARM_GCC_484\Debug\G_A_DacClk.o .\CortexM3\ARM_GCC_484\Debug\G_A_Wave1_DMA_dma.o .\CortexM3\ARM_GCC_484\Debug\G_A_Wave2_DMA_dma.o .\CortexM3\ARM_GCC_484\Debug\G_A_VDAC8.o .\CortexM3\ARM_GCC_484\Debug\G_A_VDAC8_PM.o .\CortexM3\ARM_GCC_484\Debug\ADC_IRQ.o .\CortexM3\ARM_GCC_484\Debug\ADC_theACLK.o .\CortexM3\ARM_GCC_484\Debug\ADC_Bypass.o .\CortexM3\ARM_GCC_484\Debug\Audio_out.o .\CortexM3\ARM_GCC_484\Debug\A_Key.o .\CortexM3\ARM_GCC_484\Debug\B_Key.o .\CortexM3\ARM_GCC_484\Debug\C_Key.o .\CortexM3\ARM_GCC_484\Debug\D_Key.o .\CortexM3\ARM_GCC_484\Debug\E_Key.o .\CortexM3\ARM_GCC_484\Debug\F_Key.o .\CortexM3\ARM_GCC_484\Debug\G_Key.o .\CortexM3\ARM_GCC_484\Debug\A2_Key.o .\CortexM3\ARM_GCC_484\Debug\Pot_A.o .\CortexM3\ARM_GCC_484\Debug\Pot_B.o .\CortexM3\ARM_GCC_484\Debug\A0.o .\CortexM3\ARM_GCC_484\Debug\A1.o .\CortexM3\ARM_GCC_484\Debug\Tremolo.o .\CortexM3\ARM_GCC_484\Debug\Amp.o .\CortexM3\ARM_GCC_484\Debug\Amp_PM.o
arm-none-eabi-ar.exe: creating .\CortexM3\ARM_GCC_484\Debug\Design01.a
arm-none-eabi-gcc.exe -Wl,--start-group -o .\CortexM3\ARM_GCC_484\Debug\Design01.elf .\CortexM3\ARM_GCC_484\Debug\main.o .\CortexM3\ARM_GCC_484\Debug\cymetadata.o .\CortexM3\ARM_GCC_484\Debug\Cm3Start.o .\CortexM3\ARM_GCC_484\Debug\Design01.a "C:\Program Files\Cypress\PSoC Creator\3.2\PSoC Creator\psoc\content\cycomponentlibrary\CyComponentLibrary.cylib\CortexM3\ARM_GCC_484\Debug\CyComponentLibrary.a" -mcpu=cortex-m3 -mthumb -g -ffunction-sections -O0 -Wl,-Map,.\CortexM3\ARM_GCC_484\Debug/Design01.map -T Generated_Source\PSoC5\cm3gcc.ld -specs=nano.specs -Wl,--gc-sections -Wl,--end-group
cyelftool.exe -C C:\Users\IEUser\Downloads\PSoC_Creator\Filter_ADC_VDAC01\Design01.cydsn\CortexM3\ARM_GCC_484\Debug\Design01.elf --flash_row_size 256 --flash_size 262144
cyelftool.exe -S C:\Users\IEUser\Downloads\PSoC_Creator\Filter_ADC_VDAC01\Design01.cydsn\CortexM3\ARM_GCC_484\Debug\Design01.elf
Flash used: 12544 of 262144 bytes (4.8 %).
SRAM used: 2541 of 65536 bytes (3.9 %). Stack: 2048 bytes. Heap: 128 bytes.
--------------- Build Succeeded: 08/03/2015 01:53:11 ---------------
