ARM GAS  C:\Users\IEUser\AppData\Local\Temp\ccVokyVc.s 			page 1


   1              		.syntax unified
   2              		.cpu cortex-m3
   3              		.fpu softvfp
   4              		.eabi_attribute 20, 1
   5              		.eabi_attribute 21, 1
   6              		.eabi_attribute 23, 3
   7              		.eabi_attribute 24, 1
   8              		.eabi_attribute 25, 1
   9              		.eabi_attribute 26, 1
  10              		.eabi_attribute 30, 6
  11              		.eabi_attribute 34, 1
  12              		.eabi_attribute 18, 4
  13              		.thumb
  14              		.file	"Status_Reg.c"
  15              		.text
  16              	.Ltext0:
  17              		.cfi_sections	.debug_frame
  18              		.section	.text.Status_Reg_Read,"ax",%progbits
  19              		.align	2
  20              		.global	Status_Reg_Read
  21              		.thumb
  22              		.thumb_func
  23              		.type	Status_Reg_Read, %function
  24              	Status_Reg_Read:
  25              	.LFB0:
  26              		.file 1 ".\\Generated_Source\\PSoC5\\Status_Reg.c"
   1:.\Generated_Source\PSoC5/Status_Reg.c **** /*******************************************************************************
   2:.\Generated_Source\PSoC5/Status_Reg.c **** * File Name: Status_Reg.c  
   3:.\Generated_Source\PSoC5/Status_Reg.c **** * Version 1.90
   4:.\Generated_Source\PSoC5/Status_Reg.c **** *
   5:.\Generated_Source\PSoC5/Status_Reg.c **** * Description:
   6:.\Generated_Source\PSoC5/Status_Reg.c **** *  This file contains API to enable firmware to read the value of a Status 
   7:.\Generated_Source\PSoC5/Status_Reg.c **** *  Register.
   8:.\Generated_Source\PSoC5/Status_Reg.c **** *
   9:.\Generated_Source\PSoC5/Status_Reg.c **** * Note:
  10:.\Generated_Source\PSoC5/Status_Reg.c **** *
  11:.\Generated_Source\PSoC5/Status_Reg.c **** ********************************************************************************
  12:.\Generated_Source\PSoC5/Status_Reg.c **** * Copyright 2008-2015, Cypress Semiconductor Corporation.  All rights reserved.
  13:.\Generated_Source\PSoC5/Status_Reg.c **** * You may use this file only in accordance with the license, terms, conditions, 
  14:.\Generated_Source\PSoC5/Status_Reg.c **** * disclaimers, and limitations in the end user license agreement accompanying 
  15:.\Generated_Source\PSoC5/Status_Reg.c **** * the software package with which this file was provided.
  16:.\Generated_Source\PSoC5/Status_Reg.c **** *******************************************************************************/
  17:.\Generated_Source\PSoC5/Status_Reg.c **** 
  18:.\Generated_Source\PSoC5/Status_Reg.c **** #include "Status_Reg.h"
  19:.\Generated_Source\PSoC5/Status_Reg.c **** 
  20:.\Generated_Source\PSoC5/Status_Reg.c **** #if !defined(Status_Reg_sts_sts_reg__REMOVED) /* Check for removal by optimization */
  21:.\Generated_Source\PSoC5/Status_Reg.c **** 
  22:.\Generated_Source\PSoC5/Status_Reg.c **** 
  23:.\Generated_Source\PSoC5/Status_Reg.c **** /*******************************************************************************
  24:.\Generated_Source\PSoC5/Status_Reg.c **** * Function Name: Status_Reg_Read
  25:.\Generated_Source\PSoC5/Status_Reg.c **** ********************************************************************************
  26:.\Generated_Source\PSoC5/Status_Reg.c **** *
  27:.\Generated_Source\PSoC5/Status_Reg.c **** * Summary:
  28:.\Generated_Source\PSoC5/Status_Reg.c **** *  Reads the current value assigned to the Status Register.
  29:.\Generated_Source\PSoC5/Status_Reg.c **** *
  30:.\Generated_Source\PSoC5/Status_Reg.c **** * Parameters:
  31:.\Generated_Source\PSoC5/Status_Reg.c **** *  None.
ARM GAS  C:\Users\IEUser\AppData\Local\Temp\ccVokyVc.s 			page 2


  32:.\Generated_Source\PSoC5/Status_Reg.c **** *
  33:.\Generated_Source\PSoC5/Status_Reg.c **** * Return:
  34:.\Generated_Source\PSoC5/Status_Reg.c **** *  The current value in the Status Register.
  35:.\Generated_Source\PSoC5/Status_Reg.c **** *
  36:.\Generated_Source\PSoC5/Status_Reg.c **** *******************************************************************************/
  37:.\Generated_Source\PSoC5/Status_Reg.c **** uint8 Status_Reg_Read(void) 
  38:.\Generated_Source\PSoC5/Status_Reg.c **** { 
  27              		.loc 1 38 0
  28              		.cfi_startproc
  29              		@ args = 0, pretend = 0, frame = 0
  30              		@ frame_needed = 1, uses_anonymous_args = 0
  31              		@ link register save eliminated.
  32 0000 80B4     		push	{r7}
  33              		.cfi_def_cfa_offset 4
  34              		.cfi_offset 7, -4
  35 0002 00AF     		add	r7, sp, #0
  36              		.cfi_def_cfa_register 7
  39:.\Generated_Source\PSoC5/Status_Reg.c ****     return Status_Reg_Status;
  37              		.loc 1 39 0
  38 0004 034B     		ldr	r3, .L3
  39 0006 1B78     		ldrb	r3, [r3]
  40 0008 DBB2     		uxtb	r3, r3
  40:.\Generated_Source\PSoC5/Status_Reg.c **** }
  41              		.loc 1 40 0
  42 000a 1846     		mov	r0, r3
  43 000c BD46     		mov	sp, r7
  44              		@ sp needed
  45 000e 5DF8047B 		ldr	r7, [sp], #4
  46 0012 7047     		bx	lr
  47              	.L4:
  48              		.align	2
  49              	.L3:
  50 0014 6A640040 		.word	1073767530
  51              		.cfi_endproc
  52              	.LFE0:
  53              		.size	Status_Reg_Read, .-Status_Reg_Read
  54              		.section	.text.Status_Reg_InterruptEnable,"ax",%progbits
  55              		.align	2
  56              		.global	Status_Reg_InterruptEnable
  57              		.thumb
  58              		.thumb_func
  59              		.type	Status_Reg_InterruptEnable, %function
  60              	Status_Reg_InterruptEnable:
  61              	.LFB1:
  41:.\Generated_Source\PSoC5/Status_Reg.c **** 
  42:.\Generated_Source\PSoC5/Status_Reg.c **** 
  43:.\Generated_Source\PSoC5/Status_Reg.c **** /*******************************************************************************
  44:.\Generated_Source\PSoC5/Status_Reg.c **** * Function Name: Status_Reg_InterruptEnable
  45:.\Generated_Source\PSoC5/Status_Reg.c **** ********************************************************************************
  46:.\Generated_Source\PSoC5/Status_Reg.c **** *
  47:.\Generated_Source\PSoC5/Status_Reg.c **** * Summary:
  48:.\Generated_Source\PSoC5/Status_Reg.c **** *  Enables the Status Register interrupt.
  49:.\Generated_Source\PSoC5/Status_Reg.c **** *
  50:.\Generated_Source\PSoC5/Status_Reg.c **** * Parameters:
  51:.\Generated_Source\PSoC5/Status_Reg.c **** *  None.
  52:.\Generated_Source\PSoC5/Status_Reg.c **** *
  53:.\Generated_Source\PSoC5/Status_Reg.c **** * Return:
ARM GAS  C:\Users\IEUser\AppData\Local\Temp\ccVokyVc.s 			page 3


  54:.\Generated_Source\PSoC5/Status_Reg.c **** *  None.
  55:.\Generated_Source\PSoC5/Status_Reg.c **** *
  56:.\Generated_Source\PSoC5/Status_Reg.c **** *******************************************************************************/
  57:.\Generated_Source\PSoC5/Status_Reg.c **** void Status_Reg_InterruptEnable(void) 
  58:.\Generated_Source\PSoC5/Status_Reg.c **** {
  62              		.loc 1 58 0
  63              		.cfi_startproc
  64              		@ args = 0, pretend = 0, frame = 8
  65              		@ frame_needed = 1, uses_anonymous_args = 0
  66 0000 80B5     		push	{r7, lr}
  67              		.cfi_def_cfa_offset 8
  68              		.cfi_offset 7, -8
  69              		.cfi_offset 14, -4
  70 0002 82B0     		sub	sp, sp, #8
  71              		.cfi_def_cfa_offset 16
  72 0004 00AF     		add	r7, sp, #0
  73              		.cfi_def_cfa_register 7
  59:.\Generated_Source\PSoC5/Status_Reg.c ****     uint8 interruptState;
  60:.\Generated_Source\PSoC5/Status_Reg.c ****     interruptState = CyEnterCriticalSection();
  74              		.loc 1 60 0
  75 0006 FFF7FEFF 		bl	CyEnterCriticalSection
  76 000a 0346     		mov	r3, r0
  77 000c FB71     		strb	r3, [r7, #7]
  61:.\Generated_Source\PSoC5/Status_Reg.c ****     Status_Reg_Status_Aux_Ctrl |= Status_Reg_STATUS_INTR_ENBL;
  78              		.loc 1 61 0
  79 000e 074B     		ldr	r3, .L6
  80 0010 064A     		ldr	r2, .L6
  81 0012 1278     		ldrb	r2, [r2]
  82 0014 D2B2     		uxtb	r2, r2
  83 0016 42F01002 		orr	r2, r2, #16
  84 001a D2B2     		uxtb	r2, r2
  85 001c 1A70     		strb	r2, [r3]
  62:.\Generated_Source\PSoC5/Status_Reg.c ****     CyExitCriticalSection(interruptState);
  86              		.loc 1 62 0
  87 001e FB79     		ldrb	r3, [r7, #7]	@ zero_extendqisi2
  88 0020 1846     		mov	r0, r3
  89 0022 FFF7FEFF 		bl	CyExitCriticalSection
  63:.\Generated_Source\PSoC5/Status_Reg.c **** }
  90              		.loc 1 63 0
  91 0026 0837     		adds	r7, r7, #8
  92 0028 BD46     		mov	sp, r7
  93              		@ sp needed
  94 002a 80BD     		pop	{r7, pc}
  95              	.L7:
  96              		.align	2
  97              	.L6:
  98 002c 9A640040 		.word	1073767578
  99              		.cfi_endproc
 100              	.LFE1:
 101              		.size	Status_Reg_InterruptEnable, .-Status_Reg_InterruptEnable
 102              		.section	.text.Status_Reg_InterruptDisable,"ax",%progbits
 103              		.align	2
 104              		.global	Status_Reg_InterruptDisable
 105              		.thumb
 106              		.thumb_func
 107              		.type	Status_Reg_InterruptDisable, %function
 108              	Status_Reg_InterruptDisable:
ARM GAS  C:\Users\IEUser\AppData\Local\Temp\ccVokyVc.s 			page 4


 109              	.LFB2:
  64:.\Generated_Source\PSoC5/Status_Reg.c **** 
  65:.\Generated_Source\PSoC5/Status_Reg.c **** 
  66:.\Generated_Source\PSoC5/Status_Reg.c **** /*******************************************************************************
  67:.\Generated_Source\PSoC5/Status_Reg.c **** * Function Name: Status_Reg_InterruptDisable
  68:.\Generated_Source\PSoC5/Status_Reg.c **** ********************************************************************************
  69:.\Generated_Source\PSoC5/Status_Reg.c **** *
  70:.\Generated_Source\PSoC5/Status_Reg.c **** * Summary:
  71:.\Generated_Source\PSoC5/Status_Reg.c **** *  Disables the Status Register interrupt.
  72:.\Generated_Source\PSoC5/Status_Reg.c **** *
  73:.\Generated_Source\PSoC5/Status_Reg.c **** * Parameters:
  74:.\Generated_Source\PSoC5/Status_Reg.c **** *  None.
  75:.\Generated_Source\PSoC5/Status_Reg.c **** *
  76:.\Generated_Source\PSoC5/Status_Reg.c **** * Return:
  77:.\Generated_Source\PSoC5/Status_Reg.c **** *  None.
  78:.\Generated_Source\PSoC5/Status_Reg.c **** *
  79:.\Generated_Source\PSoC5/Status_Reg.c **** *******************************************************************************/
  80:.\Generated_Source\PSoC5/Status_Reg.c **** void Status_Reg_InterruptDisable(void) 
  81:.\Generated_Source\PSoC5/Status_Reg.c **** {
 110              		.loc 1 81 0
 111              		.cfi_startproc
 112              		@ args = 0, pretend = 0, frame = 8
 113              		@ frame_needed = 1, uses_anonymous_args = 0
 114 0000 80B5     		push	{r7, lr}
 115              		.cfi_def_cfa_offset 8
 116              		.cfi_offset 7, -8
 117              		.cfi_offset 14, -4
 118 0002 82B0     		sub	sp, sp, #8
 119              		.cfi_def_cfa_offset 16
 120 0004 00AF     		add	r7, sp, #0
 121              		.cfi_def_cfa_register 7
  82:.\Generated_Source\PSoC5/Status_Reg.c ****     uint8 interruptState;
  83:.\Generated_Source\PSoC5/Status_Reg.c ****     interruptState = CyEnterCriticalSection();
 122              		.loc 1 83 0
 123 0006 FFF7FEFF 		bl	CyEnterCriticalSection
 124 000a 0346     		mov	r3, r0
 125 000c FB71     		strb	r3, [r7, #7]
  84:.\Generated_Source\PSoC5/Status_Reg.c ****     Status_Reg_Status_Aux_Ctrl &= (uint8)(~Status_Reg_STATUS_INTR_ENBL);
 126              		.loc 1 84 0
 127 000e 074B     		ldr	r3, .L9
 128 0010 064A     		ldr	r2, .L9
 129 0012 1278     		ldrb	r2, [r2]
 130 0014 D2B2     		uxtb	r2, r2
 131 0016 22F01002 		bic	r2, r2, #16
 132 001a D2B2     		uxtb	r2, r2
 133 001c 1A70     		strb	r2, [r3]
  85:.\Generated_Source\PSoC5/Status_Reg.c ****     CyExitCriticalSection(interruptState);
 134              		.loc 1 85 0
 135 001e FB79     		ldrb	r3, [r7, #7]	@ zero_extendqisi2
 136 0020 1846     		mov	r0, r3
 137 0022 FFF7FEFF 		bl	CyExitCriticalSection
  86:.\Generated_Source\PSoC5/Status_Reg.c **** }
 138              		.loc 1 86 0
 139 0026 0837     		adds	r7, r7, #8
 140 0028 BD46     		mov	sp, r7
 141              		@ sp needed
 142 002a 80BD     		pop	{r7, pc}
ARM GAS  C:\Users\IEUser\AppData\Local\Temp\ccVokyVc.s 			page 5


 143              	.L10:
 144              		.align	2
 145              	.L9:
 146 002c 9A640040 		.word	1073767578
 147              		.cfi_endproc
 148              	.LFE2:
 149              		.size	Status_Reg_InterruptDisable, .-Status_Reg_InterruptDisable
 150              		.section	.text.Status_Reg_WriteMask,"ax",%progbits
 151              		.align	2
 152              		.global	Status_Reg_WriteMask
 153              		.thumb
 154              		.thumb_func
 155              		.type	Status_Reg_WriteMask, %function
 156              	Status_Reg_WriteMask:
 157              	.LFB3:
  87:.\Generated_Source\PSoC5/Status_Reg.c **** 
  88:.\Generated_Source\PSoC5/Status_Reg.c **** 
  89:.\Generated_Source\PSoC5/Status_Reg.c **** /*******************************************************************************
  90:.\Generated_Source\PSoC5/Status_Reg.c **** * Function Name: Status_Reg_WriteMask
  91:.\Generated_Source\PSoC5/Status_Reg.c **** ********************************************************************************
  92:.\Generated_Source\PSoC5/Status_Reg.c **** *
  93:.\Generated_Source\PSoC5/Status_Reg.c **** * Summary:
  94:.\Generated_Source\PSoC5/Status_Reg.c **** *  Writes the current mask value assigned to the Status Register.
  95:.\Generated_Source\PSoC5/Status_Reg.c **** *
  96:.\Generated_Source\PSoC5/Status_Reg.c **** * Parameters:
  97:.\Generated_Source\PSoC5/Status_Reg.c **** *  mask:  Value to write into the mask register.
  98:.\Generated_Source\PSoC5/Status_Reg.c **** *
  99:.\Generated_Source\PSoC5/Status_Reg.c **** * Return:
 100:.\Generated_Source\PSoC5/Status_Reg.c **** *  None.
 101:.\Generated_Source\PSoC5/Status_Reg.c **** *
 102:.\Generated_Source\PSoC5/Status_Reg.c **** *******************************************************************************/
 103:.\Generated_Source\PSoC5/Status_Reg.c **** void Status_Reg_WriteMask(uint8 mask) 
 104:.\Generated_Source\PSoC5/Status_Reg.c **** {
 158              		.loc 1 104 0
 159              		.cfi_startproc
 160              		@ args = 0, pretend = 0, frame = 8
 161              		@ frame_needed = 1, uses_anonymous_args = 0
 162              		@ link register save eliminated.
 163 0000 80B4     		push	{r7}
 164              		.cfi_def_cfa_offset 4
 165              		.cfi_offset 7, -4
 166 0002 83B0     		sub	sp, sp, #12
 167              		.cfi_def_cfa_offset 16
 168 0004 00AF     		add	r7, sp, #0
 169              		.cfi_def_cfa_register 7
 170 0006 0346     		mov	r3, r0
 171 0008 FB71     		strb	r3, [r7, #7]
 105:.\Generated_Source\PSoC5/Status_Reg.c ****     #if(Status_Reg_INPUTS < 8u)
 106:.\Generated_Source\PSoC5/Status_Reg.c ****     	mask &= ((uint8)(1u << Status_Reg_INPUTS) - 1u);
 107:.\Generated_Source\PSoC5/Status_Reg.c **** 	#endif /* End Status_Reg_INPUTS < 8u */
 108:.\Generated_Source\PSoC5/Status_Reg.c ****     Status_Reg_Status_Mask = mask;
 172              		.loc 1 108 0
 173 000a 044B     		ldr	r3, .L12
 174 000c FA79     		ldrb	r2, [r7, #7]
 175 000e 1A70     		strb	r2, [r3]
 109:.\Generated_Source\PSoC5/Status_Reg.c **** }
 176              		.loc 1 109 0
ARM GAS  C:\Users\IEUser\AppData\Local\Temp\ccVokyVc.s 			page 6


 177 0010 0C37     		adds	r7, r7, #12
 178 0012 BD46     		mov	sp, r7
 179              		@ sp needed
 180 0014 5DF8047B 		ldr	r7, [sp], #4
 181 0018 7047     		bx	lr
 182              	.L13:
 183 001a 00BF     		.align	2
 184              	.L12:
 185 001c 8A640040 		.word	1073767562
 186              		.cfi_endproc
 187              	.LFE3:
 188              		.size	Status_Reg_WriteMask, .-Status_Reg_WriteMask
 189              		.section	.text.Status_Reg_ReadMask,"ax",%progbits
 190              		.align	2
 191              		.global	Status_Reg_ReadMask
 192              		.thumb
 193              		.thumb_func
 194              		.type	Status_Reg_ReadMask, %function
 195              	Status_Reg_ReadMask:
 196              	.LFB4:
 110:.\Generated_Source\PSoC5/Status_Reg.c **** 
 111:.\Generated_Source\PSoC5/Status_Reg.c **** 
 112:.\Generated_Source\PSoC5/Status_Reg.c **** /*******************************************************************************
 113:.\Generated_Source\PSoC5/Status_Reg.c **** * Function Name: Status_Reg_ReadMask
 114:.\Generated_Source\PSoC5/Status_Reg.c **** ********************************************************************************
 115:.\Generated_Source\PSoC5/Status_Reg.c **** *
 116:.\Generated_Source\PSoC5/Status_Reg.c **** * Summary:
 117:.\Generated_Source\PSoC5/Status_Reg.c **** *  Reads the current interrupt mask assigned to the Status Register.
 118:.\Generated_Source\PSoC5/Status_Reg.c **** *
 119:.\Generated_Source\PSoC5/Status_Reg.c **** * Parameters:
 120:.\Generated_Source\PSoC5/Status_Reg.c **** *  None.
 121:.\Generated_Source\PSoC5/Status_Reg.c **** *
 122:.\Generated_Source\PSoC5/Status_Reg.c **** * Return:
 123:.\Generated_Source\PSoC5/Status_Reg.c **** *  The value of the interrupt mask of the Status Register.
 124:.\Generated_Source\PSoC5/Status_Reg.c **** *
 125:.\Generated_Source\PSoC5/Status_Reg.c **** *******************************************************************************/
 126:.\Generated_Source\PSoC5/Status_Reg.c **** uint8 Status_Reg_ReadMask(void) 
 127:.\Generated_Source\PSoC5/Status_Reg.c **** {
 197              		.loc 1 127 0
 198              		.cfi_startproc
 199              		@ args = 0, pretend = 0, frame = 0
 200              		@ frame_needed = 1, uses_anonymous_args = 0
 201              		@ link register save eliminated.
 202 0000 80B4     		push	{r7}
 203              		.cfi_def_cfa_offset 4
 204              		.cfi_offset 7, -4
 205 0002 00AF     		add	r7, sp, #0
 206              		.cfi_def_cfa_register 7
 128:.\Generated_Source\PSoC5/Status_Reg.c ****     return Status_Reg_Status_Mask;
 207              		.loc 1 128 0
 208 0004 034B     		ldr	r3, .L16
 209 0006 1B78     		ldrb	r3, [r3]
 210 0008 DBB2     		uxtb	r3, r3
 129:.\Generated_Source\PSoC5/Status_Reg.c **** }
 211              		.loc 1 129 0
 212 000a 1846     		mov	r0, r3
 213 000c BD46     		mov	sp, r7
ARM GAS  C:\Users\IEUser\AppData\Local\Temp\ccVokyVc.s 			page 7


 214              		@ sp needed
 215 000e 5DF8047B 		ldr	r7, [sp], #4
 216 0012 7047     		bx	lr
 217              	.L17:
 218              		.align	2
 219              	.L16:
 220 0014 8A640040 		.word	1073767562
 221              		.cfi_endproc
 222              	.LFE4:
 223              		.size	Status_Reg_ReadMask, .-Status_Reg_ReadMask
 224              		.text
 225              	.Letext0:
 226              		.file 2 ".\\Generated_Source\\PSoC5\\cytypes.h"
 227              		.section	.debug_info,"",%progbits
 228              	.Ldebug_info0:
 229 0000 36010000 		.4byte	0x136
 230 0004 0400     		.2byte	0x4
 231 0006 00000000 		.4byte	.Ldebug_abbrev0
 232 000a 04       		.byte	0x4
 233 000b 01       		.uleb128 0x1
 234 000c EE000000 		.4byte	.LASF21
 235 0010 01       		.byte	0x1
 236 0011 92000000 		.4byte	.LASF22
 237 0015 6A010000 		.4byte	.LASF23
 238 0019 00000000 		.4byte	.Ldebug_ranges0+0
 239 001d 00000000 		.4byte	0
 240 0021 00000000 		.4byte	.Ldebug_line0
 241 0025 02       		.uleb128 0x2
 242 0026 01       		.byte	0x1
 243 0027 06       		.byte	0x6
 244 0028 E2000000 		.4byte	.LASF0
 245 002c 02       		.uleb128 0x2
 246 002d 01       		.byte	0x1
 247 002e 08       		.byte	0x8
 248 002f 76000000 		.4byte	.LASF1
 249 0033 02       		.uleb128 0x2
 250 0034 02       		.byte	0x2
 251 0035 05       		.byte	0x5
 252 0036 CD010000 		.4byte	.LASF2
 253 003a 02       		.uleb128 0x2
 254 003b 02       		.byte	0x2
 255 003c 07       		.byte	0x7
 256 003d CF000000 		.4byte	.LASF3
 257 0041 02       		.uleb128 0x2
 258 0042 04       		.byte	0x4
 259 0043 05       		.byte	0x5
 260 0044 89000000 		.4byte	.LASF4
 261 0048 02       		.uleb128 0x2
 262 0049 04       		.byte	0x4
 263 004a 07       		.byte	0x7
 264 004b 26000000 		.4byte	.LASF5
 265 004f 02       		.uleb128 0x2
 266 0050 08       		.byte	0x8
 267 0051 05       		.byte	0x5
 268 0052 00000000 		.4byte	.LASF6
 269 0056 02       		.uleb128 0x2
 270 0057 08       		.byte	0x8
ARM GAS  C:\Users\IEUser\AppData\Local\Temp\ccVokyVc.s 			page 8


 271 0058 07       		.byte	0x7
 272 0059 38000000 		.4byte	.LASF7
 273 005d 03       		.uleb128 0x3
 274 005e 04       		.byte	0x4
 275 005f 05       		.byte	0x5
 276 0060 696E7400 		.ascii	"int\000"
 277 0064 02       		.uleb128 0x2
 278 0065 04       		.byte	0x4
 279 0066 07       		.byte	0x7
 280 0067 0E000000 		.4byte	.LASF8
 281 006b 04       		.uleb128 0x4
 282 006c 20000000 		.4byte	.LASF12
 283 0070 02       		.byte	0x2
 284 0071 A1       		.byte	0xa1
 285 0072 2C000000 		.4byte	0x2c
 286 0076 02       		.uleb128 0x2
 287 0077 04       		.byte	0x4
 288 0078 04       		.byte	0x4
 289 0079 4F000000 		.4byte	.LASF9
 290 007d 02       		.uleb128 0x2
 291 007e 08       		.byte	0x8
 292 007f 04       		.byte	0x4
 293 0080 B8000000 		.4byte	.LASF10
 294 0084 02       		.uleb128 0x2
 295 0085 01       		.byte	0x1
 296 0086 08       		.byte	0x8
 297 0087 84000000 		.4byte	.LASF11
 298 008b 05       		.uleb128 0x5
 299 008c 1B000000 		.4byte	.LASF13
 300 0090 02       		.byte	0x2
 301 0091 4B01     		.2byte	0x14b
 302 0093 97000000 		.4byte	0x97
 303 0097 06       		.uleb128 0x6
 304 0098 6B000000 		.4byte	0x6b
 305 009c 02       		.uleb128 0x2
 306 009d 04       		.byte	0x4
 307 009e 07       		.byte	0x7
 308 009f 00020000 		.4byte	.LASF14
 309 00a3 07       		.uleb128 0x7
 310 00a4 BF000000 		.4byte	.LASF19
 311 00a8 01       		.byte	0x1
 312 00a9 25       		.byte	0x25
 313 00aa 6B000000 		.4byte	0x6b
 314 00ae 00000000 		.4byte	.LFB0
 315 00b2 18000000 		.4byte	.LFE0-.LFB0
 316 00b6 01       		.uleb128 0x1
 317 00b7 9C       		.byte	0x9c
 318 00b8 08       		.uleb128 0x8
 319 00b9 B2010000 		.4byte	.LASF15
 320 00bd 01       		.byte	0x1
 321 00be 39       		.byte	0x39
 322 00bf 00000000 		.4byte	.LFB1
 323 00c3 30000000 		.4byte	.LFE1-.LFB1
 324 00c7 01       		.uleb128 0x1
 325 00c8 9C       		.byte	0x9c
 326 00c9 DC000000 		.4byte	0xdc
 327 00cd 09       		.uleb128 0x9
ARM GAS  C:\Users\IEUser\AppData\Local\Temp\ccVokyVc.s 			page 9


 328 00ce 09020000 		.4byte	.LASF17
 329 00d2 01       		.byte	0x1
 330 00d3 3B       		.byte	0x3b
 331 00d4 6B000000 		.4byte	0x6b
 332 00d8 02       		.uleb128 0x2
 333 00d9 91       		.byte	0x91
 334 00da 77       		.sleb128 -9
 335 00db 00       		.byte	0
 336 00dc 08       		.uleb128 0x8
 337 00dd 55000000 		.4byte	.LASF16
 338 00e1 01       		.byte	0x1
 339 00e2 50       		.byte	0x50
 340 00e3 00000000 		.4byte	.LFB2
 341 00e7 30000000 		.4byte	.LFE2-.LFB2
 342 00eb 01       		.uleb128 0x1
 343 00ec 9C       		.byte	0x9c
 344 00ed 00010000 		.4byte	0x100
 345 00f1 09       		.uleb128 0x9
 346 00f2 09020000 		.4byte	.LASF17
 347 00f6 01       		.byte	0x1
 348 00f7 52       		.byte	0x52
 349 00f8 6B000000 		.4byte	0x6b
 350 00fc 02       		.uleb128 0x2
 351 00fd 91       		.byte	0x91
 352 00fe 77       		.sleb128 -9
 353 00ff 00       		.byte	0
 354 0100 0A       		.uleb128 0xa
 355 0101 D7010000 		.4byte	.LASF18
 356 0105 01       		.byte	0x1
 357 0106 67       		.byte	0x67
 358 0107 00000000 		.4byte	.LFB3
 359 010b 20000000 		.4byte	.LFE3-.LFB3
 360 010f 01       		.uleb128 0x1
 361 0110 9C       		.byte	0x9c
 362 0111 24010000 		.4byte	0x124
 363 0115 0B       		.uleb128 0xb
 364 0116 71000000 		.4byte	.LASF24
 365 011a 01       		.byte	0x1
 366 011b 67       		.byte	0x67
 367 011c 6B000000 		.4byte	0x6b
 368 0120 02       		.uleb128 0x2
 369 0121 91       		.byte	0x91
 370 0122 77       		.sleb128 -9
 371 0123 00       		.byte	0
 372 0124 07       		.uleb128 0x7
 373 0125 EC010000 		.4byte	.LASF20
 374 0129 01       		.byte	0x1
 375 012a 7E       		.byte	0x7e
 376 012b 6B000000 		.4byte	0x6b
 377 012f 00000000 		.4byte	.LFB4
 378 0133 18000000 		.4byte	.LFE4-.LFB4
 379 0137 01       		.uleb128 0x1
 380 0138 9C       		.byte	0x9c
 381 0139 00       		.byte	0
 382              		.section	.debug_abbrev,"",%progbits
 383              	.Ldebug_abbrev0:
 384 0000 01       		.uleb128 0x1
ARM GAS  C:\Users\IEUser\AppData\Local\Temp\ccVokyVc.s 			page 10


 385 0001 11       		.uleb128 0x11
 386 0002 01       		.byte	0x1
 387 0003 25       		.uleb128 0x25
 388 0004 0E       		.uleb128 0xe
 389 0005 13       		.uleb128 0x13
 390 0006 0B       		.uleb128 0xb
 391 0007 03       		.uleb128 0x3
 392 0008 0E       		.uleb128 0xe
 393 0009 1B       		.uleb128 0x1b
 394 000a 0E       		.uleb128 0xe
 395 000b 55       		.uleb128 0x55
 396 000c 17       		.uleb128 0x17
 397 000d 11       		.uleb128 0x11
 398 000e 01       		.uleb128 0x1
 399 000f 10       		.uleb128 0x10
 400 0010 17       		.uleb128 0x17
 401 0011 00       		.byte	0
 402 0012 00       		.byte	0
 403 0013 02       		.uleb128 0x2
 404 0014 24       		.uleb128 0x24
 405 0015 00       		.byte	0
 406 0016 0B       		.uleb128 0xb
 407 0017 0B       		.uleb128 0xb
 408 0018 3E       		.uleb128 0x3e
 409 0019 0B       		.uleb128 0xb
 410 001a 03       		.uleb128 0x3
 411 001b 0E       		.uleb128 0xe
 412 001c 00       		.byte	0
 413 001d 00       		.byte	0
 414 001e 03       		.uleb128 0x3
 415 001f 24       		.uleb128 0x24
 416 0020 00       		.byte	0
 417 0021 0B       		.uleb128 0xb
 418 0022 0B       		.uleb128 0xb
 419 0023 3E       		.uleb128 0x3e
 420 0024 0B       		.uleb128 0xb
 421 0025 03       		.uleb128 0x3
 422 0026 08       		.uleb128 0x8
 423 0027 00       		.byte	0
 424 0028 00       		.byte	0
 425 0029 04       		.uleb128 0x4
 426 002a 16       		.uleb128 0x16
 427 002b 00       		.byte	0
 428 002c 03       		.uleb128 0x3
 429 002d 0E       		.uleb128 0xe
 430 002e 3A       		.uleb128 0x3a
 431 002f 0B       		.uleb128 0xb
 432 0030 3B       		.uleb128 0x3b
 433 0031 0B       		.uleb128 0xb
 434 0032 49       		.uleb128 0x49
 435 0033 13       		.uleb128 0x13
 436 0034 00       		.byte	0
 437 0035 00       		.byte	0
 438 0036 05       		.uleb128 0x5
 439 0037 16       		.uleb128 0x16
 440 0038 00       		.byte	0
 441 0039 03       		.uleb128 0x3
ARM GAS  C:\Users\IEUser\AppData\Local\Temp\ccVokyVc.s 			page 11


 442 003a 0E       		.uleb128 0xe
 443 003b 3A       		.uleb128 0x3a
 444 003c 0B       		.uleb128 0xb
 445 003d 3B       		.uleb128 0x3b
 446 003e 05       		.uleb128 0x5
 447 003f 49       		.uleb128 0x49
 448 0040 13       		.uleb128 0x13
 449 0041 00       		.byte	0
 450 0042 00       		.byte	0
 451 0043 06       		.uleb128 0x6
 452 0044 35       		.uleb128 0x35
 453 0045 00       		.byte	0
 454 0046 49       		.uleb128 0x49
 455 0047 13       		.uleb128 0x13
 456 0048 00       		.byte	0
 457 0049 00       		.byte	0
 458 004a 07       		.uleb128 0x7
 459 004b 2E       		.uleb128 0x2e
 460 004c 00       		.byte	0
 461 004d 3F       		.uleb128 0x3f
 462 004e 19       		.uleb128 0x19
 463 004f 03       		.uleb128 0x3
 464 0050 0E       		.uleb128 0xe
 465 0051 3A       		.uleb128 0x3a
 466 0052 0B       		.uleb128 0xb
 467 0053 3B       		.uleb128 0x3b
 468 0054 0B       		.uleb128 0xb
 469 0055 27       		.uleb128 0x27
 470 0056 19       		.uleb128 0x19
 471 0057 49       		.uleb128 0x49
 472 0058 13       		.uleb128 0x13
 473 0059 11       		.uleb128 0x11
 474 005a 01       		.uleb128 0x1
 475 005b 12       		.uleb128 0x12
 476 005c 06       		.uleb128 0x6
 477 005d 40       		.uleb128 0x40
 478 005e 18       		.uleb128 0x18
 479 005f 9742     		.uleb128 0x2117
 480 0061 19       		.uleb128 0x19
 481 0062 00       		.byte	0
 482 0063 00       		.byte	0
 483 0064 08       		.uleb128 0x8
 484 0065 2E       		.uleb128 0x2e
 485 0066 01       		.byte	0x1
 486 0067 3F       		.uleb128 0x3f
 487 0068 19       		.uleb128 0x19
 488 0069 03       		.uleb128 0x3
 489 006a 0E       		.uleb128 0xe
 490 006b 3A       		.uleb128 0x3a
 491 006c 0B       		.uleb128 0xb
 492 006d 3B       		.uleb128 0x3b
 493 006e 0B       		.uleb128 0xb
 494 006f 27       		.uleb128 0x27
 495 0070 19       		.uleb128 0x19
 496 0071 11       		.uleb128 0x11
 497 0072 01       		.uleb128 0x1
 498 0073 12       		.uleb128 0x12
ARM GAS  C:\Users\IEUser\AppData\Local\Temp\ccVokyVc.s 			page 12


 499 0074 06       		.uleb128 0x6
 500 0075 40       		.uleb128 0x40
 501 0076 18       		.uleb128 0x18
 502 0077 9642     		.uleb128 0x2116
 503 0079 19       		.uleb128 0x19
 504 007a 01       		.uleb128 0x1
 505 007b 13       		.uleb128 0x13
 506 007c 00       		.byte	0
 507 007d 00       		.byte	0
 508 007e 09       		.uleb128 0x9
 509 007f 34       		.uleb128 0x34
 510 0080 00       		.byte	0
 511 0081 03       		.uleb128 0x3
 512 0082 0E       		.uleb128 0xe
 513 0083 3A       		.uleb128 0x3a
 514 0084 0B       		.uleb128 0xb
 515 0085 3B       		.uleb128 0x3b
 516 0086 0B       		.uleb128 0xb
 517 0087 49       		.uleb128 0x49
 518 0088 13       		.uleb128 0x13
 519 0089 02       		.uleb128 0x2
 520 008a 18       		.uleb128 0x18
 521 008b 00       		.byte	0
 522 008c 00       		.byte	0
 523 008d 0A       		.uleb128 0xa
 524 008e 2E       		.uleb128 0x2e
 525 008f 01       		.byte	0x1
 526 0090 3F       		.uleb128 0x3f
 527 0091 19       		.uleb128 0x19
 528 0092 03       		.uleb128 0x3
 529 0093 0E       		.uleb128 0xe
 530 0094 3A       		.uleb128 0x3a
 531 0095 0B       		.uleb128 0xb
 532 0096 3B       		.uleb128 0x3b
 533 0097 0B       		.uleb128 0xb
 534 0098 27       		.uleb128 0x27
 535 0099 19       		.uleb128 0x19
 536 009a 11       		.uleb128 0x11
 537 009b 01       		.uleb128 0x1
 538 009c 12       		.uleb128 0x12
 539 009d 06       		.uleb128 0x6
 540 009e 40       		.uleb128 0x40
 541 009f 18       		.uleb128 0x18
 542 00a0 9742     		.uleb128 0x2117
 543 00a2 19       		.uleb128 0x19
 544 00a3 01       		.uleb128 0x1
 545 00a4 13       		.uleb128 0x13
 546 00a5 00       		.byte	0
 547 00a6 00       		.byte	0
 548 00a7 0B       		.uleb128 0xb
 549 00a8 05       		.uleb128 0x5
 550 00a9 00       		.byte	0
 551 00aa 03       		.uleb128 0x3
 552 00ab 0E       		.uleb128 0xe
 553 00ac 3A       		.uleb128 0x3a
 554 00ad 0B       		.uleb128 0xb
 555 00ae 3B       		.uleb128 0x3b
ARM GAS  C:\Users\IEUser\AppData\Local\Temp\ccVokyVc.s 			page 13


 556 00af 0B       		.uleb128 0xb
 557 00b0 49       		.uleb128 0x49
 558 00b1 13       		.uleb128 0x13
 559 00b2 02       		.uleb128 0x2
 560 00b3 18       		.uleb128 0x18
 561 00b4 00       		.byte	0
 562 00b5 00       		.byte	0
 563 00b6 00       		.byte	0
 564              		.section	.debug_aranges,"",%progbits
 565 0000 3C000000 		.4byte	0x3c
 566 0004 0200     		.2byte	0x2
 567 0006 00000000 		.4byte	.Ldebug_info0
 568 000a 04       		.byte	0x4
 569 000b 00       		.byte	0
 570 000c 0000     		.2byte	0
 571 000e 0000     		.2byte	0
 572 0010 00000000 		.4byte	.LFB0
 573 0014 18000000 		.4byte	.LFE0-.LFB0
 574 0018 00000000 		.4byte	.LFB1
 575 001c 30000000 		.4byte	.LFE1-.LFB1
 576 0020 00000000 		.4byte	.LFB2
 577 0024 30000000 		.4byte	.LFE2-.LFB2
 578 0028 00000000 		.4byte	.LFB3
 579 002c 20000000 		.4byte	.LFE3-.LFB3
 580 0030 00000000 		.4byte	.LFB4
 581 0034 18000000 		.4byte	.LFE4-.LFB4
 582 0038 00000000 		.4byte	0
 583 003c 00000000 		.4byte	0
 584              		.section	.debug_ranges,"",%progbits
 585              	.Ldebug_ranges0:
 586 0000 00000000 		.4byte	.LFB0
 587 0004 18000000 		.4byte	.LFE0
 588 0008 00000000 		.4byte	.LFB1
 589 000c 30000000 		.4byte	.LFE1
 590 0010 00000000 		.4byte	.LFB2
 591 0014 30000000 		.4byte	.LFE2
 592 0018 00000000 		.4byte	.LFB3
 593 001c 20000000 		.4byte	.LFE3
 594 0020 00000000 		.4byte	.LFB4
 595 0024 18000000 		.4byte	.LFE4
 596 0028 00000000 		.4byte	0
 597 002c 00000000 		.4byte	0
 598              		.section	.debug_line,"",%progbits
 599              	.Ldebug_line0:
 600 0000 AB000000 		.section	.debug_str,"MS",%progbits,1
 600      02004900 
 600      00000201 
 600      FB0E0D00 
 600      01010101 
 601              	.LASF6:
 602 0000 6C6F6E67 		.ascii	"long long int\000"
 602      206C6F6E 
 602      6720696E 
 602      7400
 603              	.LASF8:
 604 000e 756E7369 		.ascii	"unsigned int\000"
 604      676E6564 
ARM GAS  C:\Users\IEUser\AppData\Local\Temp\ccVokyVc.s 			page 14


 604      20696E74 
 604      00
 605              	.LASF13:
 606 001b 72656738 		.ascii	"reg8\000"
 606      00
 607              	.LASF12:
 608 0020 75696E74 		.ascii	"uint8\000"
 608      3800
 609              	.LASF5:
 610 0026 6C6F6E67 		.ascii	"long unsigned int\000"
 610      20756E73 
 610      69676E65 
 610      6420696E 
 610      7400
 611              	.LASF7:
 612 0038 6C6F6E67 		.ascii	"long long unsigned int\000"
 612      206C6F6E 
 612      6720756E 
 612      7369676E 
 612      65642069 
 613              	.LASF9:
 614 004f 666C6F61 		.ascii	"float\000"
 614      7400
 615              	.LASF16:
 616 0055 53746174 		.ascii	"Status_Reg_InterruptDisable\000"
 616      75735F52 
 616      65675F49 
 616      6E746572 
 616      72757074 
 617              	.LASF24:
 618 0071 6D61736B 		.ascii	"mask\000"
 618      00
 619              	.LASF1:
 620 0076 756E7369 		.ascii	"unsigned char\000"
 620      676E6564 
 620      20636861 
 620      7200
 621              	.LASF11:
 622 0084 63686172 		.ascii	"char\000"
 622      00
 623              	.LASF4:
 624 0089 6C6F6E67 		.ascii	"long int\000"
 624      20696E74 
 624      00
 625              	.LASF22:
 626 0092 2E5C4765 		.ascii	".\\Generated_Source\\PSoC5\\Status_Reg.c\000"
 626      6E657261 
 626      7465645F 
 626      536F7572 
 626      63655C50 
 627              	.LASF10:
 628 00b8 646F7562 		.ascii	"double\000"
 628      6C6500
 629              	.LASF19:
 630 00bf 53746174 		.ascii	"Status_Reg_Read\000"
 630      75735F52 
 630      65675F52 
ARM GAS  C:\Users\IEUser\AppData\Local\Temp\ccVokyVc.s 			page 15


 630      65616400 
 631              	.LASF3:
 632 00cf 73686F72 		.ascii	"short unsigned int\000"
 632      7420756E 
 632      7369676E 
 632      65642069 
 632      6E7400
 633              	.LASF0:
 634 00e2 7369676E 		.ascii	"signed char\000"
 634      65642063 
 634      68617200 
 635              	.LASF21:
 636 00ee 474E5520 		.ascii	"GNU C 4.8.4 20140526 (release) [ARM/embedded-4_8-br"
 636      4320342E 
 636      382E3420 
 636      32303134 
 636      30353236 
 637 0121 616E6368 		.ascii	"anch revision 211358] -mcpu=cortex-m3 -mthumb -g -O"
 637      20726576 
 637      6973696F 
 637      6E203231 
 637      31333538 
 638 0154 30202D66 		.ascii	"0 -ffunction-sections\000"
 638      66756E63 
 638      74696F6E 
 638      2D736563 
 638      74696F6E 
 639              	.LASF23:
 640 016a 433A5C55 		.ascii	"C:\\Users\\IEUser\\Downloads\\PSoC_Creator\\Filter_"
 640      73657273 
 640      5C494555 
 640      7365725C 
 640      446F776E 
 641 0198 4144435F 		.ascii	"ADC_VDAC01\\Design01.cydsn\000"
 641      56444143 
 641      30315C44 
 641      65736967 
 641      6E30312E 
 642              	.LASF15:
 643 01b2 53746174 		.ascii	"Status_Reg_InterruptEnable\000"
 643      75735F52 
 643      65675F49 
 643      6E746572 
 643      72757074 
 644              	.LASF2:
 645 01cd 73686F72 		.ascii	"short int\000"
 645      7420696E 
 645      7400
 646              	.LASF18:
 647 01d7 53746174 		.ascii	"Status_Reg_WriteMask\000"
 647      75735F52 
 647      65675F57 
 647      72697465 
 647      4D61736B 
 648              	.LASF20:
 649 01ec 53746174 		.ascii	"Status_Reg_ReadMask\000"
 649      75735F52 
ARM GAS  C:\Users\IEUser\AppData\Local\Temp\ccVokyVc.s 			page 16


 649      65675F52 
 649      6561644D 
 649      61736B00 
 650              	.LASF14:
 651 0200 73697A65 		.ascii	"sizetype\000"
 651      74797065 
 651      00
 652              	.LASF17:
 653 0209 696E7465 		.ascii	"interruptState\000"
 653      72727570 
 653      74537461 
 653      746500
 654              		.ident	"GCC: (GNU Tools for ARM Embedded Processors) 4.8.4 20140526 (release) [ARM/embedded-4_8-br
